<?xml version="1.0" encoding="UTF-8"?>
<testsuite hostname="INGBTCPIC5NB699" name="com.philips.actionmodules.SignInAction" tests="1" failures="1" timestamp="17 Dec 2015 12:04:10 GMT" time="0.045" errors="0">
  <testcase name="navigateToLinkPage" time="0.025" classname="com.philips.actionmodules.SignInAction">
    <failure type="java.lang.NullPointerException">
      <![CDATA[java.lang.NullPointerException
	at com.google.common.base.Preconditions.checkNotNull(Preconditions.java:210)
	at org.openqa.selenium.support.ui.FluentWait.<init>(FluentWait.java:95)
	at org.openqa.selenium.support.ui.WebDriverWait.<init>(WebDriverWait.java:71)
	at org.openqa.selenium.support.ui.WebDriverWait.<init>(WebDriverWait.java:45)
	at com.philips.pageobjects.HomePage.<init>(HomePage.java:16)
	at com.philips.actionmodules.SignInAction.navigateToLinkPage(SignInAction.java:32)
... Removed 24 stack frames]]>
    </failure>
  </testcase>
</testsuite>
