<?xml version="1.0" encoding="UTF-8"?>
<!-- Generated by org.testng.reporters.JUnitXMLReporter -->
<testsuite hostname="INGBTCPIC5NB699" name="Sample Test" tests="3" failures="0" timestamp="5 Jan 2016 08:37:06 GMT" time="3.554" errors="0">
  <testcase name="loginToApplication" time="1.443" classname="com.philips.actionmodules.SignInAction"/>
  <testcase name="navigateToLinkPage" time="0.814" classname="com.philips.actionmodules.SignInAction"/>
  <testcase name="testLinkingSingleFragment" time="1.292" classname="com.philips.actionmodules.LinkPatientTest"/>
</testsuite> <!-- Sample Test -->
